2021-12-03 15:18:51,071 [      0]   INFO - jetbrains.mps.tool.environment.MpsEnvironment - Creating MPS environment 
2021-12-03 15:18:51,259 [    188]  ERROR - jetbrains.mps.tool.environment.EnvironmentBase - The macro 'samples_home' to non-existent location 
2021-12-03 15:18:51,269 [    198]   INFO - jetbrains.mps.tool.environment.EnvironmentBase - Initializing libraries 
2021-12-03 15:18:51,290 [    219]   INFO - jetbrains.mps.library.LibraryInitializer - Adding libraries from SetLibraryContributor 
2021-12-03 15:18:51,290 [    219]   INFO - jetbrains.mps.library.LibraryInitializer - Adding libraries from SetLibraryContributor 
2021-12-03 15:18:51,296 [    225]   INFO - jetbrains.mps.library.LibraryInitializer - Loading 129 libraries 
2021-12-03 15:18:53,935 [   2864]   INFO - jetbrains.mps.library.LibraryInitializer - Library update is finished 
2021-12-03 15:18:55,004 [   3933]   INFO - jetbrains.mps.classloading.ModuleUpdater - Classloading refresh took 1.065 s 
2021-12-03 15:18:55,032 [   3961]   INFO - jetbrains.mps.classloading.ModulesWatcher - Totally 0 modules are marked invalid for class loading. 
2021-12-03 15:18:55,390 [   4319]   INFO - jetbrains.mps.tool.environment.MpsEnvironment - Creating an empty project 
2021-12-03 15:18:55,393 [   4322]   INFO - jetbrains.mps.tool.environment.EnvironmentBase - Opening a new project 
2021-12-03 15:18:55,397 [   4326]   INFO - jetbrains.mps.project.ProjectModuleLoader - Loading modules... 
2021-12-03 15:18:55,397 [   4326]   INFO - jetbrains.mps.project.ProjectModuleLoader - Modules are loaded: 0 new; 0 removed 
2021-12-03 15:18:55,398 [   4327]   INFO - jetbrains.mps.project.ProjectBase - Project 'mpstemp13667877670615753782' is opened 
2021-12-03 15:18:55,465 [   4394]   INFO - jetbrains.mps.classloading.ModuleUpdater - Classloading refresh took 0.052 s 
2021-12-03 15:18:55,485 [   4414]   INFO - jetbrains.mps.classloading.ModulesWatcher - Totally 0 modules are marked invalid for class loading. 
2021-12-03 15:18:56,499 [   5428]   WARN - jetbrains.mps.persistence.ModelSourceRootWalker - Source root 'Path [LocalFile(/Users/federico/repos/MPSServer/mpscode/solutions/com.strumenta.mpsserver.deps/models)]' does not exist, cannot traverse! 
2021-12-03 15:18:56,499 [   5428]   WARN - jetbrains.mps.persistence.DefaultModelRoot - Models have not been found within the Path [LocalFile(/Users/federico/repos/MPSServer/mpscode/solutions/com.strumenta.mpsserver.deps/models)] 
2021-12-03 15:18:56,759 [   5688]   WARN - jetbrains.mps.persistence.ModelSourceRootWalker - Source root 'Path [LocalFile(/Users/federico/repos/MPSServer/mpscode/solutions/com.strumenta.mpsserver.deps/models)]' does not exist, cannot traverse! 
2021-12-03 15:18:56,759 [   5688]   WARN - jetbrains.mps.persistence.DefaultModelRoot - Models have not been found within the Path [LocalFile(/Users/federico/repos/MPSServer/mpscode/solutions/com.strumenta.mpsserver.deps/models)] 
2021-12-03 15:18:59,227 [   8156]   INFO - jetbrains.mps.classloading.ModuleUpdater - Classloading refresh took 0.024 s 
2021-12-03 15:18:59,245 [   8174]   INFO - jetbrains.mps.classloading.ModulesWatcher - Totally 0 modules are marked invalid for class loading. 
2021-12-03 15:19:09,342 [  18271]   INFO - jetbrains.mps.classloading.ModuleUpdater - Classloading refresh took 0.002 s 
2021-12-03 15:19:09,342 [  18271]   INFO - jetbrains.mps.classloading.ModulesWatcher - Totally 0 modules are marked invalid for class loading. 
2021-12-03 15:19:11,409 [      0]   INFO - jetbrains.mps.tool.environment.MpsEnvironment - Creating MPS environment 
2021-12-03 15:19:11,656 [    247]  ERROR - jetbrains.mps.tool.environment.EnvironmentBase - The macro 'samples_home' to non-existent location 
2021-12-03 15:19:11,666 [    257]   INFO - jetbrains.mps.tool.environment.EnvironmentBase - Initializing libraries 
2021-12-03 15:19:11,692 [    283]   INFO - jetbrains.mps.library.LibraryInitializer - Adding libraries from SetLibraryContributor 
2021-12-03 15:19:11,692 [    283]   INFO - jetbrains.mps.library.LibraryInitializer - Adding libraries from SetLibraryContributor 
2021-12-03 15:19:11,699 [    290]   INFO - jetbrains.mps.library.LibraryInitializer - Loading 127 libraries 
2021-12-03 15:19:15,397 [   3988]   INFO - jetbrains.mps.library.LibraryInitializer - Library update is finished 
2021-12-03 15:19:16,980 [   5571]   INFO - jetbrains.mps.classloading.ModuleUpdater - Classloading refresh took 1.576 s 
2021-12-03 15:19:17,019 [   5610]   INFO - jetbrains.mps.classloading.ModulesWatcher - Totally 0 modules are marked invalid for class loading. 
2021-12-03 15:19:17,543 [   6134]   INFO - jetbrains.mps.tool.environment.MpsEnvironment - Creating an empty project 
2021-12-03 15:19:17,545 [   6136]   INFO - jetbrains.mps.tool.environment.EnvironmentBase - Opening a new project 
2021-12-03 15:19:17,552 [   6143]   INFO - jetbrains.mps.project.ProjectModuleLoader - Loading modules... 
2021-12-03 15:19:17,552 [   6143]   INFO - jetbrains.mps.project.ProjectModuleLoader - Modules are loaded: 0 new; 0 removed 
2021-12-03 15:19:17,553 [   6144]   INFO - jetbrains.mps.project.ProjectBase - Project 'mpstemp1857165615594293671' is opened 
2021-12-03 15:19:17,652 [   6243]   INFO - jetbrains.mps.classloading.ModuleUpdater - Classloading refresh took 0.081 s 
2021-12-03 15:19:17,681 [   6272]   INFO - jetbrains.mps.classloading.ModulesWatcher - Totally 0 modules are marked invalid for class loading. 
2021-12-03 15:19:18,721 [   7312]   WARN - jetbrains.mps.persistence.ModelSourceRootWalker - Source root 'Path [LocalFile(/Users/federico/repos/MPSServer/mpscode/solutions/com.strumenta.mpsserver.deps/models)]' does not exist, cannot traverse! 
2021-12-03 15:19:18,721 [   7312]   WARN - jetbrains.mps.persistence.DefaultModelRoot - Models have not been found within the Path [LocalFile(/Users/federico/repos/MPSServer/mpscode/solutions/com.strumenta.mpsserver.deps/models)] 
2021-12-03 15:19:19,058 [   7649]   WARN - jetbrains.mps.persistence.ModelSourceRootWalker - Source root 'Path [LocalFile(/Users/federico/repos/MPSServer/mpscode/solutions/com.strumenta.mpsserver.deps/models)]' does not exist, cannot traverse! 
2021-12-03 15:19:19,058 [   7649]   WARN - jetbrains.mps.persistence.DefaultModelRoot - Models have not been found within the Path [LocalFile(/Users/federico/repos/MPSServer/mpscode/solutions/com.strumenta.mpsserver.deps/models)] 
2021-12-03 15:19:22,321 [  10912]   INFO - jetbrains.mps.classloading.ModuleUpdater - Classloading refresh took 0.030 s 
2021-12-03 15:19:22,338 [  10929]   INFO - jetbrains.mps.classloading.ModulesWatcher - Totally 0 modules are marked invalid for class loading. 
2021-12-03 15:19:32,415 [  21006]   INFO - jetbrains.mps.classloading.ModuleUpdater - Classloading refresh took 0.002 s 
2021-12-03 15:19:32,415 [  21006]   INFO - jetbrains.mps.classloading.ModulesWatcher - Totally 0 modules are marked invalid for class loading. 
2021-12-03 15:19:50,990 [      1]   INFO - jetbrains.mps.tool.environment.MpsEnvironment - Creating MPS environment 
2021-12-03 15:19:51,108 [    119]   WARN - jetbrains.mps.tool.environment.PlatformPlugins - Could not detect id for plugin at /Users/federico/repos/MPSServer/artifacts/mps/lib/mps-workbench.jar 
2021-12-03 15:19:51,111 [    122]  ERROR - jetbrains.mps.tool.environment.EnvironmentBase - The macro 'samples_home' to non-existent location 
2021-12-03 15:19:51,117 [    128]   INFO - jetbrains.mps.tool.environment.EnvironmentBase - Initializing libraries 
2021-12-03 15:19:51,141 [    152]   INFO - jetbrains.mps.library.LibraryInitializer - Adding libraries from SetLibraryContributor 
2021-12-03 15:19:51,141 [    152]   INFO - jetbrains.mps.library.LibraryInitializer - Adding libraries from SetLibraryContributor 
2021-12-03 15:19:51,146 [    157]   INFO - jetbrains.mps.library.LibraryInitializer - Loading 179 libraries 
2021-12-03 15:19:53,270 [   2281]   INFO - jetbrains.mps.library.LibraryInitializer - Library update is finished 
2021-12-03 15:19:54,389 [   3400]   INFO - jetbrains.mps.classloading.ModuleUpdater - Classloading refresh took 1.115 s 
2021-12-03 15:19:54,417 [   3428]   INFO - jetbrains.mps.classloading.ModulesWatcher - Totally 0 modules are marked invalid for class loading. 
2021-12-03 15:19:54,681 [   3692]   INFO - jetbrains.mps.tool.environment.MpsEnvironment - Creating an empty project 
2021-12-03 15:19:54,682 [   3693]   INFO - jetbrains.mps.tool.environment.EnvironmentBase - Opening a new project 
2021-12-03 15:19:54,686 [   3697]   INFO - jetbrains.mps.project.ProjectModuleLoader - Loading modules... 
2021-12-03 15:19:54,686 [   3697]   INFO - jetbrains.mps.project.ProjectModuleLoader - Modules are loaded: 0 new; 0 removed 
2021-12-03 15:19:54,686 [   3697]   INFO - jetbrains.mps.project.ProjectBase - Project 'mpstemp706027499643282059' is opened 
2021-12-03 15:19:54,724 [   3735]   WARN - jetbrains.mps.persistence.ModelSourceRootWalker - Source root 'Path [LocalFile(/Users/federico/repos/MPSServer/mpscode/solutions/com.strumenta.mpsserver.deps/models)]' does not exist, cannot traverse! 
2021-12-03 15:19:54,724 [   3735]   WARN - jetbrains.mps.persistence.DefaultModelRoot - Models have not been found within the Path [LocalFile(/Users/federico/repos/MPSServer/mpscode/solutions/com.strumenta.mpsserver.deps/models)] 
2021-12-03 15:19:54,806 [   3817]   INFO - jetbrains.mps.classloading.ModuleUpdater - Classloading refresh took 0.065 s 
2021-12-03 15:19:54,824 [   3835]   INFO - jetbrains.mps.classloading.ModulesWatcher - Totally 0 modules are marked invalid for class loading. 
2021-12-03 15:19:55,905 [   4916]   WARN - jetbrains.mps.persistence.ModelSourceRootWalker - Source root 'Path [LocalFile(/Users/federico/repos/MPSServer/mpscode/solutions/com.strumenta.mpsserver.deps/models)]' does not exist, cannot traverse! 
2021-12-03 15:19:55,905 [   4916]   WARN - jetbrains.mps.persistence.DefaultModelRoot - Models have not been found within the Path [LocalFile(/Users/federico/repos/MPSServer/mpscode/solutions/com.strumenta.mpsserver.deps/models)] 
2021-12-03 15:19:56,111 [   5122]   WARN - jetbrains.mps.persistence.ModelSourceRootWalker - Source root 'Path [LocalFile(/Users/federico/repos/MPSServer/mpscode/solutions/com.strumenta.mpsserver.deps/models)]' does not exist, cannot traverse! 
2021-12-03 15:19:56,111 [   5122]   WARN - jetbrains.mps.persistence.DefaultModelRoot - Models have not been found within the Path [LocalFile(/Users/federico/repos/MPSServer/mpscode/solutions/com.strumenta.mpsserver.deps/models)] 
2021-12-03 15:19:58,950 [   7961]   INFO - jetbrains.mps.internal.make.runtime.script.Script - No input. Skipping optional target 'jetbrains.mps.make.facets.ReloadClasses.reloadClasses'. 
2021-12-03 15:20:04,197 [  13208]   INFO - jetbrains.mps.generator.impl.plan.GenerationPlan - No checkpoint registry file found 
2021-12-03 15:20:04,200 [  13211]   INFO - jetbrains.mps.generator.impl.plan.GenerationPlan - No checkpoint registry file found 
2021-12-03 15:20:04,490 [  13501]   INFO - jetbrains.mps.internal.make.runtime.script.Script - No input. Skipping optional target 'jetbrains.mps.make.facets.ReloadClasses.reloadClasses'. 
2021-12-03 15:20:05,134 [  14145]   INFO - jetbrains.mps.internal.make.runtime.script.Script - No input. Skipping optional target 'jetbrains.mps.make.facets.ReloadClasses.reloadClasses'. 
2021-12-03 15:20:05,229 [  14240]   INFO - jetbrains.mps.classloading.ModuleUpdater - Classloading refresh took 0.088 s 
2021-12-03 15:20:05,248 [  14259]   INFO - jetbrains.mps.classloading.ModulesWatcher - Totally 0 modules are marked invalid for class loading. 
2021-12-03 15:20:05,935 [  14946]   WARN - jetbrains.mps.baseLanguage.javastub.MethodSignature - Unsupported method type: String node() default ""; 
2021-12-03 15:20:05,935 [  14946]   WARN - jetbrains.mps.baseLanguage.javastub.MethodSignature - Unsupported method type: String model(); 
2021-12-03 15:20:10,330 [  19341]   WARN - jetbrains.mps.baseLanguage.javastub.ClassifierUpdater - ClassifierType was expected, but received: (instance of TypeVariableReference) 
2021-12-03 15:20:10,330 [  19341]   WARN - jetbrains.mps.baseLanguage.javastub.ClassifierUpdater - ClassifierType was expected, but received: (instance of TypeVariableReference) 
2021-12-03 15:20:10,330 [  19341]   WARN - jetbrains.mps.baseLanguage.javastub.ClassifierUpdater - ClassifierType was expected, but received: (instance of TypeVariableReference) 
2021-12-03 15:20:10,331 [  19342]   WARN - jetbrains.mps.baseLanguage.javastub.ClassifierUpdater - ClassifierType was expected, but received: (instance of TypeVariableReference) 
2021-12-03 15:20:10,333 [  19344]   WARN - jetbrains.mps.baseLanguage.javastub.ClassifierUpdater - ClassifierType was expected, but received: (instance of TypeVariableReference) when parsing the SchemeProcessor 
2021-12-03 15:20:10,338 [  19349]   WARN - jetbrains.mps.baseLanguage.javastub.ClassifierUpdater - ClassifierType was expected, but received: (instance of TypeVariableReference) when parsing the NonLazySchemeProcessor 
2021-12-03 15:20:10,338 [  19349]   WARN - jetbrains.mps.baseLanguage.javastub.ClassifierUpdater - ClassifierType was expected, but received: (instance of TypeVariableReference) when parsing the BaseSchemeProcessor 
2021-12-03 15:20:12,419 [  21430]   INFO - jetbrains.mps.internal.make.runtime.script.Script - No input. Skipping optional target 'jetbrains.mps.make.facets.ReloadClasses.reloadClasses'. 
2021-12-03 15:20:12,810 [  21821]   INFO - jetbrains.mps.internal.make.runtime.script.Script - No input. Skipping optional target 'jetbrains.mps.make.facets.ReloadClasses.reloadClasses'. 
2021-12-03 15:20:12,857 [  21868]   INFO - jetbrains.mps.classloading.ModuleUpdater - Classloading refresh took 0.032 s 
2021-12-03 15:20:12,892 [  21903]   INFO - jetbrains.mps.classloading.ModulesWatcher - Totally 0 modules are marked invalid for class loading. 
2021-12-03 15:20:22,981 [  31992]   INFO - jetbrains.mps.classloading.ModuleUpdater - Classloading refresh took 0.001 s 
2021-12-03 15:20:22,981 [  31992]   INFO - jetbrains.mps.classloading.ModulesWatcher - Totally 0 modules are marked invalid for class loading. 
2021-12-03 15:21:07,300 [      1]   INFO - jetbrains.mps.tool.environment.MpsEnvironment - Creating MPS environment 
2021-12-03 15:21:07,446 [    147]  ERROR - jetbrains.mps.tool.environment.EnvironmentBase - The macro 'samples_home' to non-existent location 
2021-12-03 15:21:07,455 [    156]   INFO - jetbrains.mps.tool.environment.EnvironmentBase - Initializing libraries 
2021-12-03 15:21:07,484 [    185]   INFO - jetbrains.mps.library.LibraryInitializer - Adding libraries from SetLibraryContributor 
2021-12-03 15:21:07,484 [    185]   INFO - jetbrains.mps.library.LibraryInitializer - Adding libraries from SetLibraryContributor 
2021-12-03 15:21:07,490 [    191]   INFO - jetbrains.mps.library.LibraryInitializer - Loading 166 libraries 
2021-12-03 15:21:10,088 [   2789]   INFO - jetbrains.mps.library.LibraryInitializer - Library update is finished 
2021-12-03 15:21:11,359 [   4060]   INFO - jetbrains.mps.classloading.ModuleUpdater - Classloading refresh took 1.263 s 
2021-12-03 15:21:11,393 [   4094]   INFO - jetbrains.mps.classloading.ModulesWatcher - Totally 0 modules are marked invalid for class loading. 
2021-12-03 15:21:11,748 [   4449]   INFO - jetbrains.mps.tool.environment.MpsEnvironment - Creating an empty project 
2021-12-03 15:21:11,750 [   4451]   INFO - jetbrains.mps.tool.environment.EnvironmentBase - Opening a new project 
2021-12-03 15:21:11,755 [   4456]   INFO - jetbrains.mps.project.ProjectModuleLoader - Loading modules... 
2021-12-03 15:21:11,755 [   4456]   INFO - jetbrains.mps.project.ProjectModuleLoader - Modules are loaded: 0 new; 0 removed 
2021-12-03 15:21:11,756 [   4457]   INFO - jetbrains.mps.project.ProjectBase - Project 'mpstemp12685301912428972176' is opened 
2021-12-03 15:21:11,875 [   4576]   INFO - jetbrains.mps.classloading.ModuleUpdater - Classloading refresh took 0.068 s 
2021-12-03 15:21:11,899 [   4600]   INFO - jetbrains.mps.classloading.ModulesWatcher - Totally 0 modules are marked invalid for class loading. 
2021-12-03 15:21:18,185 [  10886]   INFO - jetbrains.mps.generator.impl.plan.GenerationPlan - No checkpoint registry file found 
2021-12-03 15:21:18,187 [  10888]   INFO - jetbrains.mps.generator.impl.plan.GenerationPlan - No checkpoint registry file found 
2021-12-03 15:21:18,187 [  10888]   INFO - jetbrains.mps.generator.impl.plan.GenerationPlan - No checkpoint registry file found 
2021-12-03 15:21:18,522 [  11223]   INFO - jetbrains.mps.generator.impl.plan.GenerationPlan - No checkpoint registry file found 
2021-12-03 15:21:18,523 [  11224]   INFO - jetbrains.mps.generator.impl.plan.GenerationPlan - No checkpoint registry file found 
2021-12-03 15:21:18,970 [  11671]   INFO - jetbrains.mps.internal.make.runtime.script.Script - No input. Skipping optional target 'jetbrains.mps.make.facets.ReloadClasses.reloadClasses'. 
2021-12-03 15:21:19,244 [  11945]   INFO - jetbrains.mps.internal.make.runtime.script.Script - No input. Skipping optional target 'jetbrains.mps.make.facets.ReloadClasses.reloadClasses'. 
2021-12-03 15:21:19,299 [  12000]   INFO - jetbrains.mps.classloading.ModuleUpdater - Classloading refresh took 0.044 s 
2021-12-03 15:21:19,324 [  12025]   INFO - jetbrains.mps.classloading.ModulesWatcher - Totally 0 modules are marked invalid for class loading. 
2021-12-03 15:21:19,387 [  12088]   INFO - jetbrains.mps.classloading.ModuleUpdater - Classloading refresh took 0.032 s 
2021-12-03 15:21:19,409 [  12110]   INFO - jetbrains.mps.classloading.ModulesWatcher - Totally 0 modules are marked invalid for class loading. 
2021-12-03 15:21:29,498 [  22199]   INFO - jetbrains.mps.classloading.ModuleUpdater - Classloading refresh took 0.001 s 
2021-12-03 15:21:29,498 [  22199]   INFO - jetbrains.mps.classloading.ModulesWatcher - Totally 0 modules are marked invalid for class loading. 
2021-12-03 15:21:43,387 [      0]   INFO - jetbrains.mps.tool.environment.MpsEnvironment - Creating MPS environment 
2021-12-03 15:21:43,520 [    133]  ERROR - jetbrains.mps.tool.environment.EnvironmentBase - The macro 'samples_home' to non-existent location 
2021-12-03 15:21:43,527 [    140]   INFO - jetbrains.mps.tool.environment.EnvironmentBase - Initializing libraries 
2021-12-03 15:21:43,553 [    166]   INFO - jetbrains.mps.library.LibraryInitializer - Adding libraries from SetLibraryContributor 
2021-12-03 15:21:43,553 [    166]   INFO - jetbrains.mps.library.LibraryInitializer - Adding libraries from SetLibraryContributor 
2021-12-03 15:21:43,559 [    172]   INFO - jetbrains.mps.library.LibraryInitializer - Loading 122 libraries 
2021-12-03 15:21:45,980 [   2593]   INFO - jetbrains.mps.library.LibraryInitializer - Library update is finished 
2021-12-03 15:21:47,237 [   3850]   INFO - jetbrains.mps.classloading.ModuleUpdater - Classloading refresh took 1.253 s 
2021-12-03 15:21:47,267 [   3880]   INFO - jetbrains.mps.classloading.ModulesWatcher - Totally 0 modules are marked invalid for class loading. 
2021-12-03 15:21:47,785 [   4398]   INFO - jetbrains.mps.tool.environment.MpsEnvironment - Creating an empty project 
2021-12-03 15:21:47,787 [   4400]   INFO - jetbrains.mps.tool.environment.EnvironmentBase - Opening a new project 
2021-12-03 15:21:47,792 [   4405]   INFO - jetbrains.mps.project.ProjectModuleLoader - Loading modules... 
2021-12-03 15:21:47,792 [   4405]   INFO - jetbrains.mps.project.ProjectModuleLoader - Modules are loaded: 0 new; 0 removed 
2021-12-03 15:21:47,793 [   4406]   INFO - jetbrains.mps.project.ProjectBase - Project 'mpstemp13732659300251555721' is opened 
2021-12-03 15:21:47,800 [   4413]   WARN - jetbrains.mps.persistence.ModelSourceRootWalker - Source root 'Path [LocalFile(/Users/federico/repos/MPSServer/mpscode/solutions/com.strumenta.mpsserver.deps/models)]' does not exist, cannot traverse! 
2021-12-03 15:21:47,800 [   4413]   WARN - jetbrains.mps.persistence.DefaultModelRoot - Models have not been found within the Path [LocalFile(/Users/federico/repos/MPSServer/mpscode/solutions/com.strumenta.mpsserver.deps/models)] 
2021-12-03 15:21:47,892 [   4505]   INFO - jetbrains.mps.classloading.ModuleUpdater - Classloading refresh took 0.063 s 
2021-12-03 15:21:47,921 [   4534]   INFO - jetbrains.mps.classloading.ModulesWatcher - Totally 0 modules are marked invalid for class loading. 
2021-12-03 15:21:49,371 [   5984]   INFO - jetbrains.mps.internal.make.runtime.script.Script - No input. Skipping optional target 'jetbrains.mps.make.facets.ReloadClasses.reloadClasses'. 
2021-12-03 15:21:49,427 [   6040]   INFO - jetbrains.mps.classloading.ModuleUpdater - Classloading refresh took 0.036 s 
2021-12-03 15:21:49,456 [   6069]   INFO - jetbrains.mps.classloading.ModulesWatcher - Totally 0 modules are marked invalid for class loading. 
2021-12-03 15:21:59,558 [  16171]   INFO - jetbrains.mps.classloading.ModuleUpdater - Classloading refresh took 0.002 s 
2021-12-03 15:21:59,558 [  16171]   INFO - jetbrains.mps.classloading.ModulesWatcher - Totally 0 modules are marked invalid for class loading. 
2021-12-03 15:22:17,997 [      0]   INFO - jetbrains.mps.tool.environment.MpsEnvironment - Creating MPS environment 
2021-12-03 15:22:18,120 [    123]   WARN - jetbrains.mps.tool.environment.PlatformPlugins - Could not detect id for plugin at /Users/federico/repos/MPSServer/artifacts/mps/lib/mps-workbench.jar 
2021-12-03 15:22:18,123 [    126]  ERROR - jetbrains.mps.tool.environment.EnvironmentBase - The macro 'samples_home' to non-existent location 
2021-12-03 15:22:18,128 [    131]   INFO - jetbrains.mps.tool.environment.EnvironmentBase - Initializing libraries 
2021-12-03 15:22:18,151 [    154]   INFO - jetbrains.mps.library.LibraryInitializer - Adding libraries from SetLibraryContributor 
2021-12-03 15:22:18,151 [    154]   INFO - jetbrains.mps.library.LibraryInitializer - Adding libraries from SetLibraryContributor 
2021-12-03 15:22:18,157 [    160]   INFO - jetbrains.mps.library.LibraryInitializer - Loading 140 libraries 
2021-12-03 15:22:20,492 [   2495]   WARN - jetbrains.mps.persistence.DefaultModelRoot - Models have not been found within the Path [/Users/federico/repos/MPSServer/mpscode/build/artifacts/mpsserver-core/mpsserver.core.plugin/languages/mpsserver.core.group/com.strumenta.mpsserver.deps-src.jar!/module/models] 
2021-12-03 15:22:20,691 [   2694]   INFO - jetbrains.mps.library.LibraryInitializer - Library update is finished 
2021-12-03 15:22:22,262 [   4265]   INFO - jetbrains.mps.classloading.ModuleUpdater - Classloading refresh took 1.562 s 
2021-12-03 15:22:22,287 [   4290]   INFO - jetbrains.mps.classloading.ModulesWatcher - Totally 0 modules are marked invalid for class loading. 
2021-12-03 15:22:22,667 [   4670]   INFO - jetbrains.mps.tool.environment.MpsEnvironment - Creating an empty project 
2021-12-03 15:22:22,670 [   4673]   INFO - jetbrains.mps.tool.environment.EnvironmentBase - Opening a new project 
2021-12-03 15:22:22,675 [   4678]   INFO - jetbrains.mps.project.ProjectModuleLoader - Loading modules... 
2021-12-03 15:22:22,675 [   4678]   INFO - jetbrains.mps.project.ProjectModuleLoader - Modules are loaded: 0 new; 0 removed 
2021-12-03 15:22:22,676 [   4679]   INFO - jetbrains.mps.project.ProjectBase - Project 'mpstemp4507414854147896824' is opened 
2021-12-03 15:22:22,746 [   4749]   INFO - jetbrains.mps.classloading.ModuleUpdater - Classloading refresh took 0.054 s 
2021-12-03 15:22:22,768 [   4771]   INFO - jetbrains.mps.classloading.ModulesWatcher - Totally 0 modules are marked invalid for class loading. 
2021-12-03 15:22:25,491 [   7494]   INFO - jetbrains.mps.internal.make.runtime.script.Script - No input. Skipping optional target 'jetbrains.mps.make.facets.ReloadClasses.reloadClasses'. 
2021-12-03 15:22:25,571 [   7574]   INFO - jetbrains.mps.classloading.ModuleUpdater - Classloading refresh took 0.064 s 
2021-12-03 15:22:25,605 [   7608]   INFO - jetbrains.mps.classloading.ModulesWatcher - Totally 0 modules are marked invalid for class loading. 
2021-12-03 15:22:35,700 [  17703]   INFO - jetbrains.mps.classloading.ModuleUpdater - Classloading refresh took 0.001 s 
2021-12-03 15:22:35,700 [  17703]   INFO - jetbrains.mps.classloading.ModulesWatcher - Totally 0 modules are marked invalid for class loading. 
2021-12-03 15:22:44,690 [      0]   INFO - jetbrains.mps.tool.environment.MpsEnvironment - Creating MPS environment 
2021-12-03 15:22:44,819 [    129]   WARN - jetbrains.mps.tool.environment.PlatformPlugins - Could not detect id for plugin at /Users/federico/repos/MPSServer/artifacts/mps/lib/mps-workbench.jar 
2021-12-03 15:22:44,825 [    135]  ERROR - jetbrains.mps.tool.environment.EnvironmentBase - The macro 'samples_home' to non-existent location 
2021-12-03 15:22:44,831 [    141]   INFO - jetbrains.mps.tool.environment.EnvironmentBase - Initializing libraries 
2021-12-03 15:22:44,876 [    186]   INFO - jetbrains.mps.library.LibraryInitializer - Adding libraries from SetLibraryContributor 
2021-12-03 15:22:44,876 [    186]   INFO - jetbrains.mps.library.LibraryInitializer - Adding libraries from SetLibraryContributor 
2021-12-03 15:22:44,882 [    192]   INFO - jetbrains.mps.library.LibraryInitializer - Loading 263 libraries 
2021-12-03 15:22:45,918 [   1228]   WARN - jetbrains.mps.persistence.DefaultModelRoot - Models have not been found within the Path [/Users/federico/repos/MPSServer/mpscode/build/artifacts/mpsserver-core/mpsserver.core.plugin/languages/mpsserver.core.group/com.strumenta.mpsserver.deps-src.jar!/module/models] 
2021-12-03 15:22:45,962 [   1272]   WARN - jetbrains.mps.persistence.DefaultModelRoot - Models have not been found within the Path [/Users/federico/repos/MPSServer/artifacts/de.itemis.mps.extensions/de.60.mps.libs/languages/de.q60.mps.libs/de.q60.mps.libs-src.jar!/module/models] 
2021-12-03 15:22:46,009 [   1319]   WARN - jetbrains.mps.persistence.DefaultModelRoot - Models have not been found within the Path [/Users/federico/repos/MPSServer/artifacts/de.itemis.mps.extensions/org.modelix.model.api/languages/group.model-api/org.modelix.model.api-src.jar!/module/models] 
2021-12-03 15:22:48,170 [   3480]   INFO - jetbrains.mps.library.LibraryInitializer - Library update is finished 
2021-12-03 15:22:49,857 [   5167]   INFO - jetbrains.mps.classloading.ModuleUpdater - Classloading refresh took 1.668 s 
2021-12-03 15:22:49,890 [   5200]   INFO - jetbrains.mps.classloading.ModulesWatcher - Totally 0 modules are marked invalid for class loading. 
2021-12-03 15:22:50,295 [   5605]   INFO - jetbrains.mps.tool.environment.MpsEnvironment - Creating an empty project 
2021-12-03 15:22:50,297 [   5607]   INFO - jetbrains.mps.tool.environment.EnvironmentBase - Opening a new project 
2021-12-03 15:22:50,301 [   5611]   INFO - jetbrains.mps.project.ProjectModuleLoader - Loading modules... 
2021-12-03 15:22:50,302 [   5612]   INFO - jetbrains.mps.project.ProjectModuleLoader - Modules are loaded: 0 new; 0 removed 
2021-12-03 15:22:50,302 [   5612]   INFO - jetbrains.mps.project.ProjectBase - Project 'mpstemp14778209399327381434' is opened 
2021-12-03 15:22:50,370 [   5680]   INFO - jetbrains.mps.classloading.ModuleUpdater - Classloading refresh took 0.055 s 
2021-12-03 15:22:50,390 [   5700]   INFO - jetbrains.mps.classloading.ModulesWatcher - Totally 0 modules are marked invalid for class loading. 
2021-12-03 15:22:53,457 [   8767]   WARN - jetbrains.mps.baseLanguage.javastub.ClassifierUpdater - ClassifierType was expected, but received: (instance of TypeVariableReference) 
2021-12-03 15:22:53,457 [   8767]   WARN - jetbrains.mps.baseLanguage.javastub.ClassifierUpdater - ClassifierType was expected, but received: (instance of TypeVariableReference) 
2021-12-03 15:22:53,458 [   8768]   WARN - jetbrains.mps.baseLanguage.javastub.ClassifierUpdater - ClassifierType was expected, but received: (instance of TypeVariableReference) 
2021-12-03 15:22:53,458 [   8768]   WARN - jetbrains.mps.baseLanguage.javastub.ClassifierUpdater - ClassifierType was expected, but received: (instance of TypeVariableReference) 
2021-12-03 15:22:54,446 [   9756]   INFO - jetbrains.mps.internal.make.runtime.script.Script - No input. Skipping optional target 'jetbrains.mps.make.facets.ReloadClasses.reloadClasses'. 
2021-12-03 15:22:54,499 [   9809]   INFO - jetbrains.mps.classloading.ModuleUpdater - Classloading refresh took 0.042 s 
2021-12-03 15:22:54,529 [   9839]   INFO - jetbrains.mps.classloading.ModulesWatcher - Totally 0 modules are marked invalid for class loading. 
2021-12-03 15:23:04,634 [  19944]   INFO - jetbrains.mps.classloading.ModuleUpdater - Classloading refresh took 0.002 s 
2021-12-03 15:23:04,635 [  19945]   INFO - jetbrains.mps.classloading.ModulesWatcher - Totally 0 modules are marked invalid for class loading. 
